<?xml version="1.0" encoding="UTF-8"?>
<testsuite name="com.retailiq.android.core.data.RetailIqRepositoryTest" tests="3" skipped="0" failures="0" errors="0" timestamp="2026-03-29T10:16:46.747Z" hostname="DESKTOP-CH9KC3C" time="0.158">
  <properties/>
  <testcase name="signInPersistsSessionInMemoryWithoutBaseUrl" classname="com.retailiq.android.core.data.RetailIqRepositoryTest" time="0.054"/>
  <testcase name="seededBackendSurfacesStayAvailableWithoutBaseUrl" classname="com.retailiq.android.core.data.RetailIqRepositoryTest" time="0.074"/>
  <testcase name="assistantAndScannerFallbacksStayAvailableWithoutBaseUrl" classname="com.retailiq.android.core.data.RetailIqRepositoryTest" time="0.029"/>
  <system-out><![CDATA[]]></system-out>
  <system-err><![CDATA[]]></system-err>
</testsuite>
