<?xml version="1.0" encoding="UTF-8"?>
<testsuite name="com.retailiq.android.core.navigation.AppDestinationTest" tests="3" skipped="0" failures="0" errors="0" timestamp="2026-03-30T04:14:37.278Z" hostname="WORKSTATION" time="0.022">
  <properties/>
  <testcase name="topLevelRoutesRemainUnique" classname="com.retailiq.android.core.navigation.AppDestinationTest" time="0.021"/>
  <testcase name="moduleDetailRouteRemainsAvailable" classname="com.retailiq.android.core.navigation.AppDestinationTest" time="0.0"/>
  <testcase name="topLevelDestinationsStayStable" classname="com.retailiq.android.core.navigation.AppDestinationTest" time="0.001"/>
  <system-out><![CDATA[]]></system-out>
  <system-err><![CDATA[]]></system-err>
</testsuite>
