<?xml version="1.0" encoding="UTF-8"?>
<testsuite name="com.retailiq.android.feature.shell.RetailIqAppViewModelTest" tests="2" skipped="0" failures="0" errors="0" timestamp="2026-03-30T04:14:37.310Z" hostname="WORKSTATION" time="0.08">
  <properties/>
  <testcase name="restoresPersistedSessionOnInit" classname="com.retailiq.android.feature.shell.RetailIqAppViewModelTest" time="0.077"/>
  <testcase name="signInRestoresAuthenticatedStateAndSignOutClearsIt" classname="com.retailiq.android.feature.shell.RetailIqAppViewModelTest" time="0.003"/>
  <system-out><![CDATA[]]></system-out>
  <system-err><![CDATA[]]></system-err>
</testsuite>
