<?xml version="1.0" encoding="UTF-8"?>
<testsuite name="com.retailiq.android.core.model.ModuleCatalogTest" tests="4" skipped="0" failures="0" errors="0" timestamp="2026-03-29T10:16:46.908Z" hostname="DESKTOP-CH9KC3C" time="0.008">
  <properties/>
  <testcase name="authPanelsCoverCoreEntryFlows" classname="com.retailiq.android.core.model.ModuleCatalogTest" time="0.003"/>
  <testcase name="longTailRoutesAreMarkedReady" classname="com.retailiq.android.core.model.ModuleCatalogTest" time="0.004"/>
  <testcase name="moduleLookupReturnsSpecializedRoutes" classname="com.retailiq.android.core.model.ModuleCatalogTest" time="0.0"/>
  <testcase name="moduleCatalogIncludesCoreBackendSections" classname="com.retailiq.android.core.model.ModuleCatalogTest" time="0.0"/>
  <system-out><![CDATA[]]></system-out>
  <system-err><![CDATA[]]></system-err>
</testsuite>
